<?xml version="1.0" encoding="UTF-8"?>
<!-- Generated by org.testng.reporters.JUnitReportReporter -->
<testsuite hostname="Daves-MacBook-Pro-3.local" failures="0" tests="1" name="tests.testngTests.ShortcutsSearchTests" time="11.097" errors="0" timestamp="2024-03-01T13:50:14 GMT" skipped="0">
  <testcase classname="tests.testngTests.ShortcutsSearchTests" name="searchForShortCut" time="11.097"/>
  <system-out/>
</testsuite> <!-- tests.testngTests.ShortcutsSearchTests -->
