<?xml version="1.0" encoding="UTF-8"?>
<!-- Generated by org.testng.reporters.JUnitReportReporter -->
<testsuite hostname="Daves-MacBook-Pro-3.local" failures="0" tests="4" name="tests.testngTests.OneToFourCardTests" time="21.579" errors="0" timestamp="2024-02-29T16:37:55 GMT" skipped="0">
  <testcase classname="tests.testngTests.OneToFourCardTests" name="fourthCardTests" time="5.414"/>
  <system-out/>
  <testcase classname="tests.testngTests.OneToFourCardTests" name="secondCardTests" time="5.406"/>
  <system-out/>
  <testcase classname="tests.testngTests.OneToFourCardTests" name="thirdCardTests" time="5.390"/>
  <system-out/>
  <testcase classname="tests.testngTests.OneToFourCardTests" name="firstCardTests" time="5.369"/>
  <system-out/>
</testsuite> <!-- tests.testngTests.OneToFourCardTests -->
