<?xml version="1.0" encoding="UTF-8"?>
<!-- Generated by org.testng.reporters.JUnitReportReporter -->
<testsuite hostname="Daves-MacBook-Pro-3.local" failures="0" tests="4" name="tests.testngTests.FiveToEightCardTests" time="41.029" errors="0" timestamp="2024-02-23T03:30:24 GMT" skipped="0">
  <testcase classname="tests.testngTests.FiveToEightCardTests" name="fifthCardTests" time="11.117"/>
  <system-out/>
  <testcase classname="tests.testngTests.FiveToEightCardTests" name="sixthCardTests" time="11.533"/>
  <system-out/>
  <testcase classname="tests.testngTests.FiveToEightCardTests" name="eightCardTests" time="7.182"/>
  <system-out/>
  <testcase classname="tests.testngTests.FiveToEightCardTests" name="seventhCardTests" time="11.197"/>
  <system-out/>
</testsuite> <!-- tests.testngTests.FiveToEightCardTests -->
