<?xml version="1.0" encoding="UTF-8"?>
<!-- Generated by org.testng.reporters.JUnitReportReporter -->
<testsuite hostname="Daves-MacBook-Pro-3.local" failures="0" tests="1" name="tests.testngTests.End2EndTests" time="7.655" errors="0" timestamp="2024-02-23T20:51:46 GMT" skipped="0">
  <testcase classname="tests.testngTests.End2EndTests" name="EndToEndTests" time="7.655"/>
  <system-out/>
</testsuite> <!-- tests.testngTests.End2EndTests -->
