<?xml version="1.0" encoding="UTF-8"?>
<!-- Generated by org.testng.reporters.JUnitReportReporter -->
<testsuite hostname="Daves-MacBook-Pro-3.local" failures="0" tests="1" name="tests.testngTests.End2EndTests" time="16.209" errors="0" timestamp="2024-03-04T10:22:26 GMT" skipped="0">
  <testcase classname="tests.testngTests.End2EndTests" name="EndToEndTests" time="16.209"/>
  <system-out>
    <![CDATA[FirstItem Card Successfully Verified
SecondItem Card Successfully Verified
ThirdItem Card Successfully Verified
FourthItem Card Successfully Verified
Fifth Card Successfully Verified
SixthItem Card Successfully Verified
SeventhItem Card Successfully Verified
EightItem Card Successfully Verified
NinethItem Card Successfully Verified
TenthItem Card Successfully Verified
EleventhItem Card Successfully Verified
E2E Tests Successful]]>
  </system-out>
</testsuite> <!-- tests.testngTests.End2EndTests -->
