<?xml version="1.0" encoding="UTF-8"?>
<!-- Generated by org.testng.reporters.JUnitReportReporter -->
<testsuite hostname="Daves-MacBook-Pro-3.local" failures="0" tests="1" name="tests.testngTests.LandingPageText" time="7.703" errors="0" timestamp="2024-02-20T18:03:42 GMT" skipped="0">
  <testcase classname="tests.testngTests.LandingPageText" name="checkLandingPage" time="7.703"/>
  <system-out/>
</testsuite> <!-- tests.testngTests.LandingPageText -->
