<?xml version="1.0" encoding="UTF-8"?>
<!-- Generated by org.testng.reporters.JUnitReportReporter -->
<testsuite hostname="Daves-MacBook-Pro-3.local" failures="0" tests="4" name="tests.testngTests.OneToFourCardTests" time="44.847" errors="0" timestamp="2024-02-23T20:45:25 GMT" skipped="0">
  <testcase classname="tests.testngTests.OneToFourCardTests" name="fourthCardTests" time="11.252"/>
  <system-out/>
  <testcase classname="tests.testngTests.OneToFourCardTests" name="thirdCardTests" time="11.197"/>
  <system-out/>
  <testcase classname="tests.testngTests.OneToFourCardTests" name="secondCardTests" time="11.103"/>
  <system-out/>
  <testcase classname="tests.testngTests.OneToFourCardTests" name="firstCardTests" time="11.295"/>
  <system-out/>
</testsuite> <!-- tests.testngTests.OneToFourCardTests -->
